{"C:\\Users\\nadia\\Projets\\Puissance4Js\\addPawn.js": {"path":"C:\\Users\\nadia\\Projets\\Puissance4Js\\addPawn.js","statementMap":{"0":{"start":{"line":1,"column":18},"end":{"line":1,"column":48}},"1":{"start":{"line":4,"column":16},"end":{"line":4,"column":36}},"2":{"start":{"line":6,"column":2},"end":{"line":8,"column":3}},"3":{"start":{"line":7,"column":4},"end":{"line":7,"column":45}},"4":{"start":{"line":10,"column":2},"end":{"line":12,"column":3}},"5":{"start":{"line":11,"column":4},"end":{"line":11,"column":42}},"6":{"start":{"line":14,"column":2},"end":{"line":16,"column":3}},"7":{"start":{"line":15,"column":4},"end":{"line":15,"column":14}},"8":{"start":{"line":17,"column":2},"end":{"line":17,"column":43}},"9":{"start":{"line":19,"column":2},"end":{"line":19,"column":19}},"10":{"start":{"line":22,"column":0},"end":{"line":22,"column":25}}},"fnMap":{"0":{"name":"addPawn","decl":{"start":{"line":3,"column":9},"end":{"line":3,"column":16}},"loc":{"start":{"line":3,"column":49},"end":{"line":20,"column":1}},"line":3}},"branchMap":{"0":{"loc":{"start":{"line":6,"column":2},"end":{"line":8,"column":3}},"type":"if","locations":[{"start":{"line":6,"column":2},"end":{"line":8,"column":3}},{"start":{"line":6,"column":2},"end":{"line":8,"column":3}}],"line":6},"1":{"loc":{"start":{"line":10,"column":2},"end":{"line":12,"column":3}},"type":"if","locations":[{"start":{"line":10,"column":2},"end":{"line":12,"column":3}},{"start":{"line":10,"column":2},"end":{"line":12,"column":3}}],"line":10},"2":{"loc":{"start":{"line":14,"column":9},"end":{"line":14,"column":57}},"type":"binary-expr","locations":[{"start":{"line":14,"column":9},"end":{"line":14,"column":42}},{"start":{"line":14,"column":46},"end":{"line":14,"column":57}}],"line":14}},"s":{"0":1,"1":9,"2":9,"3":1,"4":8,"5":1,"6":7,"7":9,"8":7,"9":7,"10":1},"f":{"0":9},"b":{"0":[1,8],"1":[1,7],"2":[16,9]},"_coverageSchema":"43e27e138ebf9cfc5966b082cf9a028302ed4184","hash":"1b939bf71438de06fee0126f64fed20782cf665d"}
,"C:\\Users\\nadia\\Projets\\Puissance4Js\\generateGameboard.js": {"path":"C:\\Users\\nadia\\Projets\\Puissance4Js\\generateGameboard.js","statementMap":{"0":{"start":{"line":3,"column":4},"end":{"line":5,"column":5}},"1":{"start":{"line":4,"column":8},"end":{"line":4,"column":46}},"2":{"start":{"line":7,"column":19},"end":{"line":7,"column":39}},"3":{"start":{"line":9,"column":4},"end":{"line":15,"column":5}},"4":{"start":{"line":9,"column":20},"end":{"line":9,"column":21}},"5":{"start":{"line":10,"column":21},"end":{"line":10,"column":44}},"6":{"start":{"line":11,"column":8},"end":{"line":11,"column":30}},"7":{"start":{"line":12,"column":8},"end":{"line":14,"column":9}},"8":{"start":{"line":12,"column":26},"end":{"line":12,"column":27}},"9":{"start":{"line":13,"column":12},"end":{"line":13,"column":32}},"10":{"start":{"line":17,"column":4},"end":{"line":17,"column":18}},"11":{"start":{"line":19,"column":0},"end":{"line":19,"column":35}}},"fnMap":{"0":{"name":"generateGameboard","decl":{"start":{"line":1,"column":9},"end":{"line":1,"column":26}},"loc":{"start":{"line":1,"column":51},"end":{"line":18,"column":1}},"line":1}},"branchMap":{"0":{"loc":{"start":{"line":3,"column":4},"end":{"line":5,"column":5}},"type":"if","locations":[{"start":{"line":3,"column":4},"end":{"line":5,"column":5}},{"start":{"line":3,"column":4},"end":{"line":5,"column":5}}],"line":3},"1":{"loc":{"start":{"line":3,"column":7},"end":{"line":3,"column":40}},"type":"binary-expr","locations":[{"start":{"line":3,"column":7},"end":{"line":3,"column":20}},{"start":{"line":3,"column":24},"end":{"line":3,"column":40}}],"line":3}},"s":{"0":5,"1":1,"2":4,"3":4,"4":4,"5":15,"6":15,"7":15,"8":15,"9":71,"10":4,"11":3},"f":{"0":5},"b":{"0":[1,4],"1":[5,4]},"_coverageSchema":"43e27e138ebf9cfc5966b082cf9a028302ed4184","hash":"536de6bfab46280fa679fc3c79728381bb1c3c97"}
,"C:\\Users\\nadia\\Projets\\Puissance4Js\\isWinner.js": {"path":"C:\\Users\\nadia\\Projets\\Puissance4Js\\isWinner.js","statementMap":{"0":{"start":{"line":1,"column":18},"end":{"line":1,"column":48}},"1":{"start":{"line":4,"column":21},"end":{"line":4,"column":22}},"2":{"start":{"line":7,"column":2},"end":{"line":11,"column":3}},"3":{"start":{"line":7,"column":22},"end":{"line":7,"column":23}},"4":{"start":{"line":8,"column":4},"end":{"line":9,"column":70}},"5":{"start":{"line":10,"column":4},"end":{"line":10,"column":50}},"6":{"start":{"line":10,"column":27},"end":{"line":10,"column":50}},"7":{"start":{"line":14,"column":2},"end":{"line":22,"column":3}},"8":{"start":{"line":15,"column":22},"end":{"line":15,"column":23}},"9":{"start":{"line":19,"column":4},"end":{"line":20,"column":73}},"10":{"start":{"line":21,"column":4},"end":{"line":21,"column":50}},"11":{"start":{"line":21,"column":27},"end":{"line":21,"column":50}},"12":{"start":{"line":25,"column":2},"end":{"line":33,"column":3}},"13":{"start":{"line":25,"column":22},"end":{"line":25,"column":25}},"14":{"start":{"line":29,"column":4},"end":{"line":30,"column":70}},"15":{"start":{"line":31,"column":4},"end":{"line":31,"column":10}},"16":{"start":{"line":32,"column":4},"end":{"line":32,"column":50}},"17":{"start":{"line":32,"column":27},"end":{"line":32,"column":50}},"18":{"start":{"line":36,"column":0},"end":{"line":36,"column":26}}},"fnMap":{"0":{"name":"isWinner","decl":{"start":{"line":3,"column":9},"end":{"line":3,"column":17}},"loc":{"start":{"line":3,"column":52},"end":{"line":34,"column":1}},"line":3}},"branchMap":{"0":{"loc":{"start":{"line":9,"column":6},"end":{"line":9,"column":69}},"type":"cond-expr","locations":[{"start":{"line":9,"column":49},"end":{"line":9,"column":65}},{"start":{"line":9,"column":68},"end":{"line":9,"column":69}}],"line":9},"1":{"loc":{"start":{"line":10,"column":4},"end":{"line":10,"column":50}},"type":"if","locations":[{"start":{"line":10,"column":4},"end":{"line":10,"column":50}},{"start":{"line":10,"column":4},"end":{"line":10,"column":50}}],"line":10},"2":{"loc":{"start":{"line":20,"column":6},"end":{"line":20,"column":72}},"type":"cond-expr","locations":[{"start":{"line":20,"column":52},"end":{"line":20,"column":68}},{"start":{"line":20,"column":71},"end":{"line":20,"column":72}}],"line":20},"3":{"loc":{"start":{"line":21,"column":4},"end":{"line":21,"column":50}},"type":"if","locations":[{"start":{"line":21,"column":4},"end":{"line":21,"column":50}},{"start":{"line":21,"column":4},"end":{"line":21,"column":50}}],"line":21},"4":{"loc":{"start":{"line":30,"column":6},"end":{"line":30,"column":69}},"type":"cond-expr","locations":[{"start":{"line":30,"column":49},"end":{"line":30,"column":65}},{"start":{"line":30,"column":68},"end":{"line":30,"column":69}}],"line":30},"5":{"loc":{"start":{"line":32,"column":4},"end":{"line":32,"column":50}},"type":"if","locations":[{"start":{"line":32,"column":4},"end":{"line":32,"column":50}},{"start":{"line":32,"column":4},"end":{"line":32,"column":50}}],"line":32}},"s":{"0":1,"1":3,"2":3,"3":3,"4":18,"5":18,"6":1,"7":2,"8":2,"9":12,"10":12,"11":1,"12":1,"13":1,"14":4,"15":4,"16":4,"17":0,"18":1},"f":{"0":3},"b":{"0":[8,10],"1":[1,17],"2":[5,7],"3":[1,11],"4":[3,1],"5":[0,4]},"_coverageSchema":"43e27e138ebf9cfc5966b082cf9a028302ed4184","hash":"50a3b8bfcda886b7f63437d6634115fda290ee49"}
}
