TN:
SF:C:\Users\nadia\Projets\Puissance4Js\js\addPawn.js
FN:3,addPawn
FNF:1
FNH:1
FNDA:13,addPawn
DA:4,13
DA:6,13
DA:7,1
DA:10,12
DA:11,1
DA:14,11
DA:15,9
DA:17,11
DA:19,11
LF:9
LH:9
BRDA:6,0,0,1
BRDA:6,0,1,12
BRDA:10,1,0,1
BRDA:10,1,1,11
BRDA:14,2,0,20
BRDA:14,2,1,9
BRF:6
BRH:6
end_of_record
TN:
SF:C:\Users\nadia\Projets\Puissance4Js\js\generateGameboard.js
FN:1,generateGameboard
FNF:1
FNH:1
FNDA:5,generateGameboard
DA:2,5
DA:3,1
DA:6,4
DA:8,4
DA:9,15
DA:10,15
DA:11,15
DA:12,71
DA:16,4
LF:9
LH:9
BRDA:2,0,0,1
BRDA:2,0,1,4
BRDA:2,1,0,5
BRDA:2,1,1,4
BRF:4
BRH:4
end_of_record
TN:
SF:C:\Users\nadia\Projets\Puissance4Js\js\isWinner.js
FN:1,isWinner
FNF:1
FNH:1
FNDA:6,isWinner
DA:2,6
DA:3,6
DA:4,6
DA:7,6
DA:8,34
DA:10,34
DA:14,5
DA:15,5
DA:19,33
DA:21,33
DA:25,4
DA:26,11
DA:28,11
DA:29,11
DA:30,10
DA:31,1
DA:36,3
DA:37,7
DA:39,7
DA:40,7
DA:41,6
DA:42,0
DA:47,2
DA:48,9
DA:50,9
DA:51,9
DA:52,8
DA:53,0
DA:57,1
LF:29
LH:27
BRDA:9,0,0,11
BRDA:9,0,1,23
BRDA:10,1,0,1
BRDA:10,1,1,33
BRDA:20,2,0,10
BRDA:20,2,1,23
BRDA:21,3,0,1
BRDA:21,3,1,32
BRDA:27,4,0,7
BRDA:27,4,1,4
BRDA:29,5,0,1
BRDA:29,5,1,10
BRDA:30,6,0,1
BRDA:30,6,1,9
BRDA:30,7,0,10
BRDA:30,7,1,3
BRDA:38,8,0,5
BRDA:38,8,1,2
BRDA:40,9,0,1
BRDA:40,9,1,6
BRDA:41,10,0,0
BRDA:41,10,1,6
BRDA:41,11,0,6
BRDA:41,11,1,2
BRDA:49,12,0,4
BRDA:49,12,1,5
BRDA:51,13,0,1
BRDA:51,13,1,8
BRDA:52,14,0,0
BRDA:52,14,1,8
BRDA:52,15,0,8
BRDA:52,15,1,1
BRF:32
BRH:30
end_of_record
TN:
SF:C:\Users\nadia\Projets\Puissance4Js\js\turnOfPlayAI.js
FN:5,turnOfPlayAI
FN:9,findEmptyColumn
FNF:2
FNH:2
FNDA:4,turnOfPlayAI
FNDA:4,findEmptyColumn
DA:3,1
DA:6,4
DA:10,4
DA:12,4
DA:13,4
DA:14,4
DA:15,4
DA:16,28
DA:17,18
DA:21,4
DA:24,4
LF:11
LH:11
BRDA:13,0,0,4
BRDA:13,0,1,0
BRDA:16,1,0,18
BRDA:16,1,1,10
BRF:4
BRH:3
end_of_record
