TN:
SF:C:\Users\nadia\Projets\Puissance4Js\addPawn.js
FN:3,addPawn
FNF:1
FNH:1
FNDA:9,addPawn
DA:1,1
DA:4,9
DA:6,9
DA:7,1
DA:10,8
DA:11,1
DA:14,7
DA:15,9
DA:17,7
DA:19,7
DA:22,1
LF:11
LH:11
BRDA:6,0,0,1
BRDA:6,0,1,8
BRDA:10,1,0,1
BRDA:10,1,1,7
BRDA:14,2,0,16
BRDA:14,2,1,9
BRF:6
BRH:6
end_of_record
TN:
SF:C:\Users\nadia\Projets\Puissance4Js\generateGameboard.js
FN:1,generateGameboard
FNF:1
FNH:1
FNDA:5,generateGameboard
DA:3,5
DA:4,1
DA:7,4
DA:9,4
DA:10,15
DA:11,15
DA:12,15
DA:13,71
DA:17,4
DA:19,3
LF:10
LH:10
BRDA:3,0,0,1
BRDA:3,0,1,4
BRDA:3,1,0,5
BRDA:3,1,1,4
BRF:4
BRH:4
end_of_record
TN:
SF:C:\Users\nadia\Projets\Puissance4Js\isWinner.js
FN:3,isWinner
FNF:1
FNH:1
FNDA:5,isWinner
DA:1,1
DA:4,5
DA:7,5
DA:8,30
DA:10,30
DA:14,4
DA:15,4
DA:19,22
DA:21,22
DA:25,2
DA:26,8
DA:28,8
DA:29,8
DA:33,1
DA:34,4
DA:36,4
DA:37,4
DA:41,1
LF:18
LH:18
BRDA:9,0,0,12
BRDA:9,0,1,18
BRDA:10,1,0,1
BRDA:10,1,1,29
BRDA:20,2,0,9
BRDA:20,2,1,13
BRDA:21,3,0,2
BRDA:21,3,1,20
BRDA:27,4,0,7
BRDA:27,4,1,1
BRDA:29,5,0,1
BRDA:29,5,1,7
BRDA:35,6,0,1
BRDA:35,6,1,3
BRDA:37,7,0,0
BRDA:37,7,1,4
BRF:16
BRH:15
end_of_record
